[2025-11-03T03:46:06.699+0000] {local_task_job_runner.py:120} INFO - ::group::Pre task execution logs
[2025-11-03T03:46:08.060+0000] {taskinstance.py:2073} INFO - Dependencies all met for dep_context=non-requeueable deps ti=<TaskInstance: metal_price_dags.transform_task scheduled__2025-11-03T03:30:00+00:00 [queued]>
[2025-11-03T03:46:08.078+0000] {taskinstance.py:2073} INFO - Dependencies all met for dep_context=requeueable deps ti=<TaskInstance: metal_price_dags.transform_task scheduled__2025-11-03T03:30:00+00:00 [queued]>
[2025-11-03T03:46:08.079+0000] {taskinstance.py:2303} INFO - Starting attempt 4 of 4
[2025-11-03T03:46:08.274+0000] {taskinstance.py:2327} INFO - Executing <Task(PythonOperator): transform_task> on 2025-11-03 03:30:00+00:00
[2025-11-03T03:46:08.292+0000] {logging_mixin.py:188} WARNING - /home/***/.local/lib/python3.12/site-packages/***/task/task_runner/standard_task_runner.py:61 DeprecationWarning: This process (pid=279) is multi-threaded, use of fork() may lead to deadlocks in the child.
[2025-11-03T03:46:08.293+0000] {standard_task_runner.py:63} INFO - Started process 281 to run task
[2025-11-03T03:46:08.396+0000] {standard_task_runner.py:90} INFO - Running: ['***', 'tasks', 'run', 'metal_price_dags', 'transform_task', 'scheduled__2025-11-03T03:30:00+00:00', '--job-id', '17', '--raw', '--subdir', 'DAGS_FOLDER/metal_price_dags.py', '--cfg-path', '/tmp/tmp2n1bv3jp']
[2025-11-03T03:46:08.473+0000] {standard_task_runner.py:91} INFO - Job 17: Subtask transform_task
[2025-11-03T03:46:08.787+0000] {task_command.py:426} INFO - Running <TaskInstance: metal_price_dags.transform_task scheduled__2025-11-03T03:30:00+00:00 [running]> on host f3a030ef18f3
[2025-11-03T03:46:09.020+0000] {taskinstance.py:2644} INFO - Exporting env vars: AIRFLOW_CTX_DAG_OWNER='***' AIRFLOW_CTX_DAG_ID='metal_price_dags' AIRFLOW_CTX_TASK_ID='transform_task' AIRFLOW_CTX_EXECUTION_DATE='2025-11-03T03:30:00+00:00' AIRFLOW_CTX_TRY_NUMBER='4' AIRFLOW_CTX_DAG_RUN_ID='scheduled__2025-11-03T03:30:00+00:00'
[2025-11-03T03:46:09.022+0000] {taskinstance.py:430} INFO - ::endgroup::
[2025-11-03T03:46:09.087+0000] {taskinstance.py:441} INFO - ::group::Post task execution logs
[2025-11-03T03:46:09.089+0000] {taskinstance.py:2890} ERROR - Task failed with exception
Traceback (most recent call last):
  File "/home/airflow/.local/lib/python3.12/site-packages/airflow/models/taskinstance.py", line 465, in _execute_task
    result = _execute_callable(context=context, **execute_callable_kwargs)
             ^^^^^^^^^^^^^^^^^^^^^^^^^^^^^^^^^^^^^^^^^^^^^^^^^^^^^^^^^^^^^
  File "/home/airflow/.local/lib/python3.12/site-packages/airflow/models/taskinstance.py", line 432, in _execute_callable
    return execute_callable(context=context, **execute_callable_kwargs)
           ^^^^^^^^^^^^^^^^^^^^^^^^^^^^^^^^^^^^^^^^^^^^^^^^^^^^^^^^^^^^
  File "/home/airflow/.local/lib/python3.12/site-packages/airflow/models/baseoperator.py", line 400, in wrapper
    return func(self, *args, **kwargs)
           ^^^^^^^^^^^^^^^^^^^^^^^^^^^
  File "/home/airflow/.local/lib/python3.12/site-packages/airflow/operators/python.py", line 235, in execute
    return_value = self.execute_callable()
                   ^^^^^^^^^^^^^^^^^^^^^^^
  File "/home/airflow/.local/lib/python3.12/site-packages/airflow/operators/python.py", line 252, in execute_callable
    return self.python_callable(*self.op_args, **self.op_kwargs)
           ^^^^^^^^^^^^^^^^^^^^^^^^^^^^^^^^^^^^^^^^^^^^^^^^^^^^^
  File "/opt/airflow/src/transform.py", line 9, in transform_data
    raw_data["timestamp"] = datetime.fromtimestamp(raw_data["timestamp"])
                                                   ~~~~~~~~^^^^^^^^^^^^^
KeyError: 'timestamp'
[2025-11-03T03:46:09.145+0000] {taskinstance.py:1205} INFO - Marking task as FAILED. dag_id=metal_price_dags, task_id=transform_task, execution_date=20251103T033000, start_date=20251103T034608, end_date=20251103T034609
[2025-11-03T03:46:10.081+0000] {standard_task_runner.py:110} ERROR - Failed to execute job 17 for task transform_task ('timestamp'; 281)
[2025-11-03T03:46:10.125+0000] {local_task_job_runner.py:240} INFO - Task exited with return code 1
[2025-11-03T03:46:10.179+0000] {taskinstance.py:3482} INFO - 0 downstream tasks scheduled from follow-on schedule check
[2025-11-03T03:46:10.194+0000] {local_task_job_runner.py:222} INFO - ::endgroup::
