[2025-11-03T03:57:13.717+0000] {local_task_job_runner.py:120} INFO - ::group::Pre task execution logs
[2025-11-03T03:57:13.965+0000] {taskinstance.py:2073} INFO - Dependencies all met for dep_context=non-requeueable deps ti=<TaskInstance: metal_price_dags.validate_task manual__2025-11-03T03:56:06.096542+00:00 [queued]>
[2025-11-03T03:57:13.973+0000] {taskinstance.py:2073} INFO - Dependencies all met for dep_context=requeueable deps ti=<TaskInstance: metal_price_dags.validate_task manual__2025-11-03T03:56:06.096542+00:00 [queued]>
[2025-11-03T03:57:13.973+0000] {taskinstance.py:2303} INFO - Starting attempt 4 of 4
[2025-11-03T03:57:13.987+0000] {taskinstance.py:2327} INFO - Executing <Task(PythonOperator): validate_task> on 2025-11-03 03:56:06.096542+00:00
[2025-11-03T03:57:13.997+0000] {logging_mixin.py:188} WARNING - /home/***/.local/lib/python3.12/site-packages/***/task/task_runner/standard_task_runner.py:61 DeprecationWarning: This process (pid=461) is multi-threaded, use of fork() may lead to deadlocks in the child.
[2025-11-03T03:57:13.998+0000] {standard_task_runner.py:63} INFO - Started process 464 to run task
[2025-11-03T03:57:13.997+0000] {standard_task_runner.py:90} INFO - Running: ['***', 'tasks', 'run', 'metal_price_dags', 'validate_task', 'manual__2025-11-03T03:56:06.096542+00:00', '--job-id', '36', '--raw', '--subdir', 'DAGS_FOLDER/metal_price_dags.py', '--cfg-path', '/tmp/tmp9_e3wxnh']
[2025-11-03T03:57:13.999+0000] {standard_task_runner.py:91} INFO - Job 36: Subtask validate_task
[2025-11-03T03:57:14.055+0000] {task_command.py:426} INFO - Running <TaskInstance: metal_price_dags.validate_task manual__2025-11-03T03:56:06.096542+00:00 [running]> on host f3a030ef18f3
[2025-11-03T03:57:14.152+0000] {taskinstance.py:2644} INFO - Exporting env vars: AIRFLOW_CTX_DAG_OWNER='***' AIRFLOW_CTX_DAG_ID='metal_price_dags' AIRFLOW_CTX_TASK_ID='validate_task' AIRFLOW_CTX_EXECUTION_DATE='2025-11-03T03:56:06.096542+00:00' AIRFLOW_CTX_TRY_NUMBER='4' AIRFLOW_CTX_DAG_RUN_ID='manual__2025-11-03T03:56:06.096542+00:00'
[2025-11-03T03:57:14.153+0000] {taskinstance.py:430} INFO - ::endgroup::
[2025-11-03T03:57:14.180+0000] {validate.py:5} INFO - Validating data..
[2025-11-03T03:57:14.181+0000] {taskinstance.py:441} INFO - ::group::Post task execution logs
[2025-11-03T03:57:14.181+0000] {taskinstance.py:2890} ERROR - Task failed with exception
Traceback (most recent call last):
  File "/home/airflow/.local/lib/python3.12/site-packages/airflow/models/taskinstance.py", line 465, in _execute_task
    result = _execute_callable(context=context, **execute_callable_kwargs)
             ^^^^^^^^^^^^^^^^^^^^^^^^^^^^^^^^^^^^^^^^^^^^^^^^^^^^^^^^^^^^^
  File "/home/airflow/.local/lib/python3.12/site-packages/airflow/models/taskinstance.py", line 432, in _execute_callable
    return execute_callable(context=context, **execute_callable_kwargs)
           ^^^^^^^^^^^^^^^^^^^^^^^^^^^^^^^^^^^^^^^^^^^^^^^^^^^^^^^^^^^^
  File "/home/airflow/.local/lib/python3.12/site-packages/airflow/models/baseoperator.py", line 400, in wrapper
    return func(self, *args, **kwargs)
           ^^^^^^^^^^^^^^^^^^^^^^^^^^^
  File "/home/airflow/.local/lib/python3.12/site-packages/airflow/operators/python.py", line 235, in execute
    return_value = self.execute_callable()
                   ^^^^^^^^^^^^^^^^^^^^^^^
  File "/home/airflow/.local/lib/python3.12/site-packages/airflow/operators/python.py", line 252, in execute_callable
    return self.python_callable(*self.op_args, **self.op_kwargs)
           ^^^^^^^^^^^^^^^^^^^^^^^^^^^^^^^^^^^^^^^^^^^^^^^^^^^^^
  File "/opt/airflow/src/validate.py", line 7, in validate_data
    raise ValueError("No data returned from transform task")
ValueError: No data returned from transform task
[2025-11-03T03:57:14.199+0000] {taskinstance.py:1205} INFO - Marking task as FAILED. dag_id=metal_price_dags, task_id=validate_task, execution_date=20251103T035606, start_date=20251103T035713, end_date=20251103T035714
[2025-11-03T03:57:14.220+0000] {standard_task_runner.py:110} ERROR - Failed to execute job 36 for task validate_task (No data returned from transform task; 464)
[2025-11-03T03:57:14.255+0000] {local_task_job_runner.py:240} INFO - Task exited with return code 1
[2025-11-03T03:57:14.278+0000] {taskinstance.py:3482} INFO - 0 downstream tasks scheduled from follow-on schedule check
[2025-11-03T03:57:14.286+0000] {local_task_job_runner.py:222} INFO - ::endgroup::
