[2025-11-03T03:57:12.466+0000] {local_task_job_runner.py:120} INFO - ::group::Pre task execution logs
[2025-11-03T03:57:12.748+0000] {taskinstance.py:2073} INFO - Dependencies all met for dep_context=non-requeueable deps ti=<TaskInstance: metal_price_dags.validate_task manual__2025-11-03T03:50:44.776295+00:00 [queued]>
[2025-11-03T03:57:12.758+0000] {taskinstance.py:2073} INFO - Dependencies all met for dep_context=requeueable deps ti=<TaskInstance: metal_price_dags.validate_task manual__2025-11-03T03:50:44.776295+00:00 [queued]>
[2025-11-03T03:57:12.758+0000] {taskinstance.py:2303} INFO - Starting attempt 4 of 4
[2025-11-03T03:57:12.775+0000] {taskinstance.py:2327} INFO - Executing <Task(PythonOperator): validate_task> on 2025-11-03 03:50:44.776295+00:00
[2025-11-03T03:57:12.785+0000] {logging_mixin.py:188} WARNING - /home/***/.local/lib/python3.12/site-packages/***/task/task_runner/standard_task_runner.py:61 DeprecationWarning: This process (pid=459) is multi-threaded, use of fork() may lead to deadlocks in the child.
[2025-11-03T03:57:12.788+0000] {standard_task_runner.py:63} INFO - Started process 462 to run task
[2025-11-03T03:57:12.785+0000] {standard_task_runner.py:90} INFO - Running: ['***', 'tasks', 'run', 'metal_price_dags', 'validate_task', 'manual__2025-11-03T03:50:44.776295+00:00', '--job-id', '35', '--raw', '--subdir', 'DAGS_FOLDER/metal_price_dags.py', '--cfg-path', '/tmp/tmphqjcnp4g']
[2025-11-03T03:57:12.790+0000] {standard_task_runner.py:91} INFO - Job 35: Subtask validate_task
[2025-11-03T03:57:12.853+0000] {task_command.py:426} INFO - Running <TaskInstance: metal_price_dags.validate_task manual__2025-11-03T03:50:44.776295+00:00 [running]> on host f3a030ef18f3
[2025-11-03T03:57:13.020+0000] {taskinstance.py:2644} INFO - Exporting env vars: AIRFLOW_CTX_DAG_OWNER='***' AIRFLOW_CTX_DAG_ID='metal_price_dags' AIRFLOW_CTX_TASK_ID='validate_task' AIRFLOW_CTX_EXECUTION_DATE='2025-11-03T03:50:44.776295+00:00' AIRFLOW_CTX_TRY_NUMBER='4' AIRFLOW_CTX_DAG_RUN_ID='manual__2025-11-03T03:50:44.776295+00:00'
[2025-11-03T03:57:13.024+0000] {taskinstance.py:430} INFO - ::endgroup::
[2025-11-03T03:57:13.065+0000] {validate.py:5} INFO - Validating data..
[2025-11-03T03:57:13.066+0000] {taskinstance.py:441} INFO - ::group::Post task execution logs
[2025-11-03T03:57:13.067+0000] {taskinstance.py:2890} ERROR - Task failed with exception
Traceback (most recent call last):
  File "/home/airflow/.local/lib/python3.12/site-packages/airflow/models/taskinstance.py", line 465, in _execute_task
    result = _execute_callable(context=context, **execute_callable_kwargs)
             ^^^^^^^^^^^^^^^^^^^^^^^^^^^^^^^^^^^^^^^^^^^^^^^^^^^^^^^^^^^^^
  File "/home/airflow/.local/lib/python3.12/site-packages/airflow/models/taskinstance.py", line 432, in _execute_callable
    return execute_callable(context=context, **execute_callable_kwargs)
           ^^^^^^^^^^^^^^^^^^^^^^^^^^^^^^^^^^^^^^^^^^^^^^^^^^^^^^^^^^^^
  File "/home/airflow/.local/lib/python3.12/site-packages/airflow/models/baseoperator.py", line 400, in wrapper
    return func(self, *args, **kwargs)
           ^^^^^^^^^^^^^^^^^^^^^^^^^^^
  File "/home/airflow/.local/lib/python3.12/site-packages/airflow/operators/python.py", line 235, in execute
    return_value = self.execute_callable()
                   ^^^^^^^^^^^^^^^^^^^^^^^
  File "/home/airflow/.local/lib/python3.12/site-packages/airflow/operators/python.py", line 252, in execute_callable
    return self.python_callable(*self.op_args, **self.op_kwargs)
           ^^^^^^^^^^^^^^^^^^^^^^^^^^^^^^^^^^^^^^^^^^^^^^^^^^^^^
  File "/opt/airflow/src/validate.py", line 7, in validate_data
    raise ValueError("No data returned from transform task")
ValueError: No data returned from transform task
[2025-11-03T03:57:13.086+0000] {taskinstance.py:1205} INFO - Marking task as FAILED. dag_id=metal_price_dags, task_id=validate_task, execution_date=20251103T035044, start_date=20251103T035712, end_date=20251103T035713
[2025-11-03T03:57:13.116+0000] {standard_task_runner.py:110} ERROR - Failed to execute job 35 for task validate_task (No data returned from transform task; 462)
[2025-11-03T03:57:13.167+0000] {local_task_job_runner.py:240} INFO - Task exited with return code 1
[2025-11-03T03:57:13.195+0000] {taskinstance.py:3482} INFO - 0 downstream tasks scheduled from follow-on schedule check
[2025-11-03T03:57:13.206+0000] {local_task_job_runner.py:222} INFO - ::endgroup::
